<?xml version="1.0" encoding="UTF-8"?>
<!-- Generated by org.testng.reporters.JUnitXMLReporter -->
<testsuite ignored="0" hostname="DESKTOP-MOFPJUL" failures="1" tests="3" name="ErrorValidation" time="31.128" errors="0" timestamp="2025-03-03T10:23:16 IST">
  <testcase classname="Seleniumlearning.Manasaproject.ErrorValidation" name="ProductErrorValidation" time="10.575"/>
  <testcase classname="Seleniumlearning.Manasaproject.ErrorValidation" name="loginErrorValidation" time="4.409">
    <skipped/>
  </testcase> <!-- loginErrorValidation -->
  <testcase classname="Seleniumlearning.Manasaproject.ErrorValidation" name="loginErrorValidation" time="4.679">
    <failure type="java.lang.AssertionError" message="expected [Incorrect username/password.] but found [Incorrect usernam/password.]">
      <![CDATA[java.lang.AssertionError: expected [Incorrect username/password.] but found [Incorrect usernam/password.]
at Seleniumlearning.Manasaproject.ErrorValidation.loginErrorValidation(ErrorValidation.java:33)
at java.base/java.util.ArrayList.forEach(ArrayList.java:1596)
... Removed 31 stack frames]]>
    </failure>
  </testcase> <!-- loginErrorValidation -->
</testsuite> <!-- ErrorValidation -->
