-------------------------------------------------------------------------------
Test set: TestSuite
-------------------------------------------------------------------------------
Tests run: 5, Failures: 1, Errors: 0, Skipped: 1, Time elapsed: 73.425 s <<< FAILURE! - in TestSuite
Seleniumlearning.Manasaproject.ErrorValidation.loginErrorValidation  Time elapsed: 5.621 s  <<< FAILURE!
java.lang.AssertionError: expected [Incorrect username/password.] but found [Incorrect usernam/password.]
	at Seleniumlearning.Manasaproject.ErrorValidation.loginErrorValidation(ErrorValidation.java:33)

