<!DOCTYPE html PUBLIC "-//W3C//DTD XHTML 1.1//EN" "https://www.w3.org/TR/xhtml11/DTD/xhtml11.dtd">
<html xmlns="https://www.w3.org/1999/xhtml">
<head>
<meta http-equiv="content-type" content="text/html; charset=UTF-8"/>
<title>TestNG Report</title>
<style type="text/css">table {margin-bottom:10px;border-collapse:collapse;empty-cells:show}th,td {border:1px solid #009;padding:.25em .5em}th {vertical-align:bottom}td {vertical-align:top}table a {font-weight:bold}.stripe td {background-color: #E6EBF9}.num {text-align:right}.passedodd td {background-color: #3F3}.passedeven td {background-color: #0A0}.skippedodd td {background-color: #DDD}.skippedeven td {background-color: #CCC}.failedodd td,.attn {background-color: #F33}.failedeven td,.stripe .attn {background-color: #D00}.stacktrace {white-space:pre;font-family:monospace}.totop {font-size:85%;text-align:center;border-bottom:2px solid #000}.invisible {display:none}</style>
</head>
<body>
<table>
<tr><th>Test</th><th># Passed</th><th># Skipped</th><th># Retried</th><th># Failed</th><th>Time (ms)</th><th>Included Groups</th><th>Excluded Groups</th></tr>
<tr><th colspan="8">Suite</th></tr>
<tr><td><a href="#t0">ProjectTestNG</a></td><td class="num">2</td><td class="num">0</td><td class="num">0</td><td class="num">0</td><td class="num">31,486</td><td></td><td></td></tr>
<tr class="stripe"><td><a href="#t1">ErrorValidation</a></td><td class="num">1</td><td class="num">0</td><td class="num attn">1</td><td class="num attn">1</td><td class="num">31,128</td><td></td><td></td></tr>
<tr><th>Total</th><th class="num">3</th><th class="num">0</th><th class="num attn">1</th><th class="num attn">1</th><th class="num">62,614</th><th colspan="2"></th></tr>
</table>
<table id='summary'><thead><tr><th>Class</th><th>Method</th><th>Start</th><th>Time (ms)</th></tr></thead><tbody><tr><th colspan="4">Suite</th></tr></tbody><tbody id="t0"><tr><th colspan="4">ProjectTestNG &#8212; passed</th></tr><tr class="passedeven"><td rowspan="2">Seleniumlearning.Manasaproject.ProjectTestNG</td><td><a href="#m0">submitOrder</a></td><td rowspan="2">1740977537399</td><td rowspan="2">11534</td></tr><tr class="passedeven"><td><a href="#m1">submitOrder</a></td></tr></tbody>
<tbody id="t1"><tr><th colspan="4">ErrorValidation &#8212; failed</th></tr><tr class="failedeven"><td rowspan="1">Seleniumlearning.Manasaproject.ErrorValidation</td><td><a href="#m2">loginErrorValidation</a></td><td rowspan="1">1740977590851</td><td rowspan="1">4679</td></tr><tr><th colspan="4">ErrorValidation &#8212; retried</th></tr><tr class="retriedeven"><td rowspan="1">Seleniumlearning.Manasaproject.ErrorValidation</td><td><a href="#m3">loginErrorValidation</a></td><td rowspan="1">1740977582867</td><td rowspan="1">4409</td></tr><tr><th colspan="4">ErrorValidation &#8212; passed</th></tr><tr class="passedeven"><td rowspan="1">Seleniumlearning.Manasaproject.ErrorValidation</td><td><a href="#m4">ProductErrorValidation</a></td><td rowspan="1">1740977568541</td><td rowspan="1">10575</td></tr></tbody>
</table>
<h2>ProjectTestNG</h2><h3 id="m0">Seleniumlearning.Manasaproject.ProjectTestNG#submitOrder</h3><table class="result"><tr class="param"><th>Parameter #1</th><th>Parameter #2</th><th>Parameter #3</th></tr><tr class="param stripe"><td>rahulshettyacademy</td><td>learning</td><td>Blackberry</td></tr></table><p class="totop"><a href="#summary">back to summary</a></p>
<h3 id="m1">Seleniumlearning.Manasaproject.ProjectTestNG#submitOrder</h3><table class="result"><tr class="param"><th>Parameter #1</th><th>Parameter #2</th><th>Parameter #3</th></tr><tr class="param stripe"><td>rahulshettyacademy</td><td>learning</td><td>iphone X</td></tr></table><p class="totop"><a href="#summary">back to summary</a></p>
<h2>ErrorValidation</h2><h3 id="m2">Seleniumlearning.Manasaproject.ErrorValidation#loginErrorValidation</h3><table class="result"><tr><th>Exception</th></tr><tr><td><div class="stacktrace">java.lang.AssertionError: expected [Incorrect username/password.] but found [Incorrect usernam/password.]
	at Seleniumlearning.Manasaproject.ErrorValidation.loginErrorValidation(ErrorValidation.java:33)
	at java.base/java.util.ArrayList.forEach(ArrayList.java:1596)
... Removed 31 stack frames</div></td></tr></table><p class="totop"><a href="#summary">back to summary</a></p>
<h3 id="m3">Seleniumlearning.Manasaproject.ErrorValidation#loginErrorValidation</h3><table class="result"><tr><th>Exception</th></tr><tr><td><div class="stacktrace">java.lang.AssertionError: expected [Incorrect username/password.] but found [Incorrect usernam/password.]
	at Seleniumlearning.Manasaproject.ErrorValidation.loginErrorValidation(ErrorValidation.java:33)
	at java.base/java.util.ArrayList.forEach(ArrayList.java:1596)
... Removed 31 stack frames</div></td></tr></table><p class="totop"><a href="#summary">back to summary</a></p>
<h3 id="m4">Seleniumlearning.Manasaproject.ErrorValidation#ProductErrorValidation</h3><table class="result"><tr><th class="invisible"/></tr></table><p class="totop"><a href="#summary">back to summary</a></p>
</body>
</html>
